./include/node/node_buffer.h
./include/node/v8stdint.h
./include/node/config.h
./include/node/v8-testing.h
./include/node/node_config.h
./include/node/v8-profiler.h
./include/node/v8-preparser.h
./include/node/v8-debug.h
./include/node/node.h
./include/node/ev.h
./include/node/v8.h
./include/node/node_events.h
./include/node/eio.h
./include/node/node_object_wrap.h
./include/node/node_version.h
./bin/node-waf
./bin/node
./share/man/man1/node.1
./lib/pkgconfig/nodejs.pc
./lib/node_modules/npm/LICENSE
./lib/node_modules/npm/AUTHORS
./lib/node_modules/npm/scripts/install-message.sh
./lib/node_modules/npm/scripts/clean-old.sh
./lib/node_modules/npm/scripts/install.sh
./lib/node_modules/npm/node_modules/node-uuid/LICENSE.md
./lib/node_modules/npm/node_modules/node-uuid/README.md
./lib/node_modules/npm/node_modules/node-uuid/test/benchmark.js
./lib/node_modules/npm/node_modules/node-uuid/test/test.html
./lib/node_modules/npm/node_modules/node-uuid/test/benchmark-native.c
./lib/node_modules/npm/node_modules/node-uuid/test/test.js
./lib/node_modules/npm/node_modules/node-uuid/package.json
./lib/node_modules/npm/node_modules/node-uuid/uuid.js
./lib/node_modules/npm/node_modules/abbrev/README.md
./lib/node_modules/npm/node_modules/abbrev/package.json
./lib/node_modules/npm/node_modules/abbrev/lib/abbrev.js
./lib/node_modules/npm/node_modules/nopt/.gitignore
./lib/node_modules/npm/node_modules/nopt/README.md
./lib/node_modules/npm/node_modules/nopt/package.json
./lib/node_modules/npm/node_modules/nopt/examples/my-program.js
./lib/node_modules/npm/node_modules/nopt/lib/nopt.js
./lib/node_modules/npm/node_modules/semver/LICENSE
./lib/node_modules/npm/node_modules/semver/semver.js
./lib/node_modules/npm/node_modules/semver/bin/semver
./lib/node_modules/npm/node_modules/semver/README.md
./lib/node_modules/npm/node_modules/semver/package.json
./lib/node_modules/npm/doc/faq.md
./lib/node_modules/npm/doc/adduser.md
./lib/node_modules/npm/doc/init.md
./lib/node_modules/npm/doc/install.md
./lib/node_modules/npm/doc/build.md
./lib/node_modules/npm/doc/prefix.md
./lib/node_modules/npm/doc/docs.md
./lib/node_modules/npm/doc/prune.md
./lib/node_modules/npm/doc/folders.md
./lib/node_modules/npm/doc/tag.md
./lib/node_modules/npm/doc/semver.md
./lib/node_modules/npm/doc/changelog.md
./lib/node_modules/npm/doc/rebuild.md
./lib/node_modules/npm/doc/stop.md
./lib/node_modules/npm/doc/bin.md
./lib/node_modules/npm/doc/completion.md
./lib/node_modules/npm/doc/edit.md
./lib/node_modules/npm/doc/whoami.md
./lib/node_modules/npm/doc/list.md
./lib/node_modules/npm/doc/version.md
./lib/node_modules/npm/doc/scripts.md
./lib/node_modules/npm/doc/root.md
./lib/node_modules/npm/doc/developers.md
./lib/node_modules/npm/doc/outdated.md
./lib/node_modules/npm/doc/link.md
./lib/node_modules/npm/doc/run-script.md
./lib/node_modules/npm/doc/coding-style.md
./lib/node_modules/npm/doc/unpublish.md
./lib/node_modules/npm/doc/start.md
./lib/node_modules/npm/doc/registry.md
./lib/node_modules/npm/doc/npm.md
./lib/node_modules/npm/doc/cache.md
./lib/node_modules/npm/doc/restart.md
./lib/node_modules/npm/doc/update.md
./lib/node_modules/npm/doc/owner.md
./lib/node_modules/npm/doc/search.md
./lib/node_modules/npm/doc/explore.md
./lib/node_modules/npm/doc/test.md
./lib/node_modules/npm/doc/config.md
./lib/node_modules/npm/doc/removing-npm.md
./lib/node_modules/npm/doc/view.md
./lib/node_modules/npm/doc/help-search.md
./lib/node_modules/npm/doc/publish.md
./lib/node_modules/npm/doc/uninstall.md
./lib/node_modules/npm/doc/bundle.md
./lib/node_modules/npm/doc/json.md
./lib/node_modules/npm/doc/deprecate.md
./lib/node_modules/npm/.gitignore
./lib/node_modules/npm/bin/read-package-json.js
./lib/node_modules/npm/bin/npm-get-uid-gid.js
./lib/node_modules/npm/bin/npm.js
./lib/node_modules/npm/npm.js
./lib/node_modules/npm/README.md
./lib/node_modules/npm/.gitmodules
./lib/node_modules/npm/test/packages/npm-test-missing-bindir/test.js
./lib/node_modules/npm/test/packages/npm-test-missing-bindir/package.json
./lib/node_modules/npm/test/packages/npm-test-blerg/test.js
./lib/node_modules/npm/test/packages/npm-test-blerg/package.json
./lib/node_modules/npm/test/packages/npm-test-url-dep/package.json
./lib/node_modules/npm/test/packages/npm-test-test-package/package.json
./lib/node_modules/npm/test/packages/npm-test-env-reader/package.json
./lib/node_modules/npm/test/packages/npm-test-env-reader/test.sh
./lib/node_modules/npm/test/packages/npm-test-private/package.json
./lib/node_modules/npm/test/common.js
./lib/node_modules/npm/test/disabled/package-config/test.js
./lib/node_modules/npm/test/disabled/package-config/package.json
./lib/node_modules/npm/test/disabled/slow/package.json
./lib/node_modules/npm/test/disabled/bundlerecurs/package.json
./lib/node_modules/npm/test/disabled/fast/package.json
./lib/node_modules/npm/test/disabled/startstop/package.json
./lib/node_modules/npm/test/disabled/failer/package.json
./lib/node_modules/npm/test/update-test.sh
./lib/node_modules/npm/test/run.sh
./lib/node_modules/npm/configure
./lib/node_modules/npm/Makefile
./lib/node_modules/npm/cli.js
./lib/node_modules/npm/package.json
./lib/node_modules/npm/html/npm-large.png
./lib/node_modules/npm/html/index.html
./lib/node_modules/npm/html/npm.png
./lib/node_modules/npm/html/npm-64-square.png
./lib/node_modules/npm/html/npm-256-square.png
./lib/node_modules/npm/html/npm-fin.png
./lib/node_modules/npm/html/npm-256w.png
./lib/node_modules/npm/html/favicon.ico
./lib/node_modules/npm/html/npm-16.png
./lib/node_modules/npm/lib/docs.js
./lib/node_modules/npm/lib/install.js
./lib/node_modules/npm/lib/root.js
./lib/node_modules/npm/lib/unpublish.js
./lib/node_modules/npm/lib/run-script.js
./lib/node_modules/npm/lib/completion.js
./lib/node_modules/npm/lib/xmas.js
./lib/node_modules/npm/lib/publish.js
./lib/node_modules/npm/lib/update.js
./lib/node_modules/npm/lib/stop.js
./lib/node_modules/npm/lib/help.js
./lib/node_modules/npm/lib/edit.js
./lib/node_modules/npm/lib/build.js
./lib/node_modules/npm/lib/owner.js
./lib/node_modules/npm/lib/adduser.js
./lib/node_modules/npm/lib/uninstall.js
./lib/node_modules/npm/lib/utils/mkdir-p.js
./lib/node_modules/npm/lib/utils/base64.js
./lib/node_modules/npm/lib/utils/graceful-fs.js
./lib/node_modules/npm/lib/utils/promise-chain.js
./lib/node_modules/npm/lib/utils/error-handler.js
./lib/node_modules/npm/lib/utils/prompt.js
./lib/node_modules/npm/lib/utils/completion.sh
./lib/node_modules/npm/lib/utils/which.js
./lib/node_modules/npm/lib/utils/uid-number.js
./lib/node_modules/npm/lib/utils/proto-list.js
./lib/node_modules/npm/lib/utils/load-package-defaults.js
./lib/node_modules/npm/lib/utils/completion/file-completion.js
./lib/node_modules/npm/lib/utils/completion/installed-deep.js
./lib/node_modules/npm/lib/utils/completion/installed-shallow.js
./lib/node_modules/npm/lib/utils/completion/remote-packages.js
./lib/node_modules/npm/lib/utils/completion/users.js
./lib/node_modules/npm/lib/utils/fetch.js
./lib/node_modules/npm/lib/utils/read-json.js
./lib/node_modules/npm/lib/utils/log.js
./lib/node_modules/npm/lib/utils/read-installed.js
./lib/node_modules/npm/lib/utils/proxyify.js
./lib/node_modules/npm/lib/utils/npm-registry-client/unpublish.js
./lib/node_modules/npm/lib/utils/npm-registry-client/request.js
./lib/node_modules/npm/lib/utils/npm-registry-client/publish.js
./lib/node_modules/npm/lib/utils/npm-registry-client/index.js
./lib/node_modules/npm/lib/utils/npm-registry-client/adduser.js
./lib/node_modules/npm/lib/utils/npm-registry-client/tag.js
./lib/node_modules/npm/lib/utils/npm-registry-client/get.js
./lib/node_modules/npm/lib/utils/chain.js
./lib/node_modules/npm/lib/utils/find-prefix.js
./lib/node_modules/npm/lib/utils/set.js
./lib/node_modules/npm/lib/utils/relativize.js
./lib/node_modules/npm/lib/utils/get.js
./lib/node_modules/npm/lib/utils/config-defs.js
./lib/node_modules/npm/lib/utils/minimatch.js
./lib/node_modules/npm/lib/utils/link.js
./lib/node_modules/npm/lib/utils/tar.js
./lib/node_modules/npm/lib/utils/output.js
./lib/node_modules/npm/lib/utils/async-map.js
./lib/node_modules/npm/lib/utils/find.js
./lib/node_modules/npm/lib/utils/rm-rf.js
./lib/node_modules/npm/lib/utils/sys.js
./lib/node_modules/npm/lib/utils/sha.js
./lib/node_modules/npm/lib/utils/ini.js
./lib/node_modules/npm/lib/utils/excludes.js
./lib/node_modules/npm/lib/utils/ini-parser.js
./lib/node_modules/npm/lib/utils/exec.js
./lib/node_modules/npm/lib/utils/lifecycle.js
./lib/node_modules/npm/lib/unbuild.js
./lib/node_modules/npm/lib/help-search.js
./lib/node_modules/npm/lib/deprecate.js
./lib/node_modules/npm/lib/ls.js
./lib/node_modules/npm/lib/cache.js
./lib/node_modules/npm/lib/tag.js
./lib/node_modules/npm/lib/rebuild.js
./lib/node_modules/npm/lib/version.js
./lib/node_modules/npm/lib/start.js
./lib/node_modules/npm/lib/whoami.js
./lib/node_modules/npm/lib/set.js
./lib/node_modules/npm/lib/get.js
./lib/node_modules/npm/lib/prune.js
./lib/node_modules/npm/lib/search.js
./lib/node_modules/npm/lib/link.js
./lib/node_modules/npm/lib/explore.js
./lib/node_modules/npm/lib/test.js
./lib/node_modules/npm/lib/view.js
./lib/node_modules/npm/lib/bin.js
./lib/node_modules/npm/lib/restart.js
./lib/node_modules/npm/lib/faq.js
./lib/node_modules/npm/lib/config.js
./lib/node_modules/npm/lib/init.js
./lib/node_modules/npm/lib/outdated.js
./lib/node_modules/npm/lib/prefix.js
./lib/node_modules/npm/man1/folders.1
./lib/node_modules/npm/man1/deprecate.1
./lib/node_modules/npm/man1/registry.1
./lib/node_modules/npm/man1/rm.1
./lib/node_modules/npm/man1/unpublish.1
./lib/node_modules/npm/man1/author.1
./lib/node_modules/npm/man1/json.1
./lib/node_modules/npm/man1/prefix.1
./lib/node_modules/npm/man1/link.1
./lib/node_modules/npm/man1/ln.1
./lib/node_modules/npm/man1/update.1
./lib/node_modules/npm/man1/start.1
./lib/node_modules/npm/man1/global.1
./lib/node_modules/npm/man1/semver.1
./lib/node_modules/npm/man1/cache.1
./lib/node_modules/npm/man1/developers.1
./lib/node_modules/npm/man1/owner.1
./lib/node_modules/npm/man1/coding-style.1
./lib/node_modules/npm/man1/docs.1
./lib/node_modules/npm/man1/get.1
./lib/node_modules/npm/man1/tag.1
./lib/node_modules/npm/man1/ls.1
./lib/node_modules/npm/man1/find.1
./lib/node_modules/npm/man1/bin.1
./lib/node_modules/npm/man1/edit.1
./lib/node_modules/npm/man1/removing-npm.1
./lib/node_modules/npm/man1/changelog.1
./lib/node_modules/npm/man1/build.1
./lib/node_modules/npm/man1/whoami.1
./lib/node_modules/npm/man1/npm.1
./lib/node_modules/npm/man1/stop.1
./lib/node_modules/npm/man1/view.1
./lib/node_modules/npm/man1/version.1
./lib/node_modules/npm/man1/set.1
./lib/node_modules/npm/man1/outdated.1
./lib/node_modules/npm/man1/publish.1
./lib/node_modules/npm/man1/scripts.1
./lib/node_modules/npm/man1/restart.1
./lib/node_modules/npm/man1/rebuild.1
./lib/node_modules/npm/man1/install.1
./lib/node_modules/npm/man1/uninstall.1
./lib/node_modules/npm/man1/test.1
./lib/node_modules/npm/man1/faq.1
./lib/node_modules/npm/man1/config.1
./lib/node_modules/npm/man1/search.1
./lib/node_modules/npm/man1/help-search.1
./lib/node_modules/npm/man1/explore.1
./lib/node_modules/npm/man1/list.1
./lib/node_modules/npm/man1/init.1
./lib/node_modules/npm/man1/completion.1
./lib/node_modules/npm/man1/run-script.1
./lib/node_modules/npm/man1/root.1
./lib/node_modules/npm/man1/bundle.1
./lib/node_modules/npm/man1/adduser.1
./lib/node_modules/npm/man1/prune.1
./lib/node/wafadmin/Options.py
./lib/node/wafadmin/Logs.py
./lib/node/wafadmin/Runner.py
./lib/node/wafadmin/Tools/config_c.py
./lib/node/wafadmin/Tools/gas.py
./lib/node/wafadmin/Tools/icc.py
./lib/node/wafadmin/Tools/icpc.py
./lib/node/wafadmin/Tools/node_addon.py
./lib/node/wafadmin/Tools/nasm.py
./lib/node/wafadmin/Tools/gdc.py
./lib/node/wafadmin/Tools/suncxx.py
./lib/node/wafadmin/Tools/gxx.py
./lib/node/wafadmin/Tools/cxx.py
./lib/node/wafadmin/Tools/compiler_cc.py
./lib/node/wafadmin/Tools/unittestw.py
./lib/node/wafadmin/Tools/python.py
./lib/node/wafadmin/Tools/compiler_d.py
./lib/node/wafadmin/Tools/gnu_dirs.py
./lib/node/wafadmin/Tools/suncc.py
./lib/node/wafadmin/Tools/d.py
./lib/node/wafadmin/Tools/libtool.py
./lib/node/wafadmin/Tools/xlc.py
./lib/node/wafadmin/Tools/compiler_cxx.py
./lib/node/wafadmin/Tools/winres.py
./lib/node/wafadmin/Tools/ar.py
./lib/node/wafadmin/Tools/gcc.py
./lib/node/wafadmin/Tools/__init__.py
./lib/node/wafadmin/Tools/osx.py
./lib/node/wafadmin/Tools/misc.py
./lib/node/wafadmin/Tools/intltool.py
./lib/node/wafadmin/Tools/preproc.py
./lib/node/wafadmin/Tools/gob2.py
./lib/node/wafadmin/Tools/ccroot.py
./lib/node/wafadmin/Tools/xlcxx.py
./lib/node/wafadmin/Tools/cc.py
./lib/node/wafadmin/Tools/dmd.py
./lib/node/wafadmin/Environment.py
./lib/node/wafadmin/Configure.py
./lib/node/wafadmin/Constants.py
./lib/node/wafadmin/Task.py
./lib/node/wafadmin/TaskGen.py
./lib/node/wafadmin/Utils.py
./lib/node/wafadmin/Node.py
./lib/node/wafadmin/__init__.py
./lib/node/wafadmin/Scripting.py
./lib/node/wafadmin/py3kfixes.py
./lib/node/wafadmin/pproc.py
./lib/node/wafadmin/Build.py
./lib/node/wafadmin/ansiterm.py
