./bin/rabbitmq-env
./share/man/man5/rabbitmq-env.conf.5.gz
./share/man/man1/rabbitmq-server.1.gz
./share/man/man1/rabbitmqctl.1.gz
./opt/rabbitmq-server/ebin/worker_pool_worker.beam
./opt/rabbitmq-server/ebin/rabbit_error_logger_file_h.beam
./opt/rabbitmq-server/ebin/rabbit_msg_store_ets_index.beam
./opt/rabbitmq-server/ebin/rabbit_command_assembler.beam
./opt/rabbitmq-server/ebin/rabbit_log.beam
./opt/rabbitmq-server/ebin/rabbit.beam
./opt/rabbitmq-server/ebin/rabbit_router.beam
./opt/rabbitmq-server/ebin/rabbit_connection_sup.beam
./opt/rabbitmq-server/ebin/rabbit_sasl_report_file_h.beam
./opt/rabbitmq-server/ebin/gm_soak_test.beam
./opt/rabbitmq-server/ebin/rabbit_app.in
./opt/rabbitmq-server/ebin/worker_pool.beam
./opt/rabbitmq-server/ebin/rabbit_framing_amqp_0_9_1.beam
./opt/rabbitmq-server/ebin/rabbit_restartable_sup.beam
./opt/rabbitmq-server/ebin/rabbit_exchange_type_fanout.beam
./opt/rabbitmq-server/ebin/rabbit_framing.beam
./opt/rabbitmq-server/ebin/rabbit_event.beam
./opt/rabbitmq-server/ebin/rabbit_framing_amqp_0_8.beam
./opt/rabbitmq-server/ebin/rabbit_exchange_type_headers.beam
./opt/rabbitmq-server/ebin/rabbit_exchange.beam
./opt/rabbitmq-server/ebin/tcp_acceptor_sup.beam
./opt/rabbitmq-server/ebin/rabbit_memory_monitor.beam
./opt/rabbitmq-server/ebin/gm.beam
./opt/rabbitmq-server/ebin/worker_pool_sup.beam
./opt/rabbitmq-server/ebin/rabbit_reader.beam
./opt/rabbitmq-server/ebin/rabbit_binary_parser.beam
./opt/rabbitmq-server/ebin/bpqueue.beam
./opt/rabbitmq-server/ebin/rabbit_ctl_usage.beam
./opt/rabbitmq-server/ebin/rabbit_mnesia.beam
./opt/rabbitmq-server/ebin/rabbit_alarm.beam
./opt/rabbitmq-server/ebin/gm_speed_test.beam
./opt/rabbitmq-server/ebin/rabbit_guid.beam
./opt/rabbitmq-server/ebin/rabbit_auth_backend_internal.beam
./opt/rabbitmq-server/ebin/vm_memory_monitor.beam
./opt/rabbitmq-server/ebin/rabbit_types.beam
./opt/rabbitmq-server/ebin/rabbit_msg_store_gc.beam
./opt/rabbitmq-server/ebin/rabbit_binding.beam
./opt/rabbitmq-server/ebin/priority_queue.beam
./opt/rabbitmq-server/ebin/rabbit_sup.beam
./opt/rabbitmq-server/ebin/rabbit_misc.beam
./opt/rabbitmq-server/ebin/rabbit_auth_mechanism.beam
./opt/rabbitmq-server/ebin/rabbit_version.beam
./opt/rabbitmq-server/ebin/rabbit_registry.beam
./opt/rabbitmq-server/ebin/delegate.beam
./opt/rabbitmq-server/ebin/rabbit_writer.beam
./opt/rabbitmq-server/ebin/rabbit_ssl.beam
./opt/rabbitmq-server/ebin/rabbit_tests.beam
./opt/rabbitmq-server/ebin/rabbit_heartbeat.beam
./opt/rabbitmq-server/ebin/rabbit_networking.beam
./opt/rabbitmq-server/ebin/tcp_acceptor.beam
./opt/rabbitmq-server/ebin/rabbit_direct.beam
./opt/rabbitmq-server/ebin/gen_server2.beam
./opt/rabbitmq-server/ebin/rabbit_upgrade.beam
./opt/rabbitmq-server/ebin/supervisor2.beam
./opt/rabbitmq-server/ebin/rabbit_control.beam
./opt/rabbitmq-server/ebin/rabbit_queue_collector.beam
./opt/rabbitmq-server/ebin/rabbit_backing_queue.beam
./opt/rabbitmq-server/ebin/rabbit_variable_queue.beam
./opt/rabbitmq-server/ebin/gm_tests.beam
./opt/rabbitmq-server/ebin/rabbit_limiter.beam
./opt/rabbitmq-server/ebin/rabbit_auth_backend.beam
./opt/rabbitmq-server/ebin/rabbit_channel_sup.beam
./opt/rabbitmq-server/ebin/rabbit_prelaunch.beam
./opt/rabbitmq-server/ebin/delegate_sup.beam
./opt/rabbitmq-server/ebin/file_handle_cache.beam
./opt/rabbitmq-server/ebin/rabbit_client_sup.beam
./opt/rabbitmq-server/ebin/rabbit.app
./opt/rabbitmq-server/ebin/rabbit_net.beam
./opt/rabbitmq-server/ebin/rabbit_channel_sup_sup.beam
./opt/rabbitmq-server/ebin/rabbit_error_logger.beam
./opt/rabbitmq-server/ebin/rabbit_exchange_type_topic.beam
./opt/rabbitmq-server/ebin/rabbit_msg_store_index.beam
./opt/rabbitmq-server/ebin/tcp_listener_sup.beam
./opt/rabbitmq-server/ebin/rabbit_msg_file.beam
./opt/rabbitmq-server/ebin/rabbit_vhost.beam
./opt/rabbitmq-server/ebin/rabbit_basic.beam
./opt/rabbitmq-server/ebin/rabbit_auth_mechanism_plain.beam
./opt/rabbitmq-server/ebin/rabbit_msg_store.beam
./opt/rabbitmq-server/ebin/rabbit_channel.beam
./opt/rabbitmq-server/ebin/rabbit_node_monitor.beam
./opt/rabbitmq-server/ebin/rabbit_exchange_type.beam
./opt/rabbitmq-server/ebin/rabbit_tests_event_receiver.beam
./opt/rabbitmq-server/ebin/rabbit_amqqueue_process.beam
./opt/rabbitmq-server/ebin/rabbit_auth_mechanism_amqplain.beam
./opt/rabbitmq-server/ebin/rabbit_auth_mechanism_cr_demo.beam
./opt/rabbitmq-server/ebin/rabbit_access_control.beam
./opt/rabbitmq-server/ebin/pg_local.beam
./opt/rabbitmq-server/ebin/rabbit_exchange_type_direct.beam
./opt/rabbitmq-server/ebin/rabbit_amqqueue_sup.beam
./opt/rabbitmq-server/ebin/rabbit_amqqueue.beam
./opt/rabbitmq-server/ebin/test_sup.beam
./opt/rabbitmq-server/ebin/rabbit_queue_index.beam
./opt/rabbitmq-server/ebin/rabbit_upgrade_functions.beam
./opt/rabbitmq-server/ebin/gatherer.beam
./opt/rabbitmq-server/ebin/rabbit_binary_generator.beam
./opt/rabbitmq-server/ebin/tcp_listener.beam
./opt/rabbitmq-server/LICENSE
./opt/rabbitmq-server/include/rabbit_msg_store_index.hrl
./opt/rabbitmq-server/include/rabbit_auth_mechanism_spec.hrl
./opt/rabbitmq-server/include/gm_specs.hrl
./opt/rabbitmq-server/include/rabbit_msg_store.hrl
./opt/rabbitmq-server/include/rabbit_exchange_type_spec.hrl
./opt/rabbitmq-server/include/rabbit_framing.hrl
./opt/rabbitmq-server/include/rabbit_auth_backend_spec.hrl
./opt/rabbitmq-server/include/rabbit.hrl
./opt/rabbitmq-server/include/rabbit_backing_queue_spec.hrl
./opt/rabbitmq-server/plugins/README
./opt/rabbitmq-server/sbin/rabbitmq-server
./opt/rabbitmq-server/sbin/rabbitmqctl
./opt/rabbitmq-server/sbin/rabbitmq-env
./opt/rabbitmq-server/INSTALL
./opt/rabbitmq-server/LICENSE-MPL-RabbitMQ
./etc/rabbitmq-env.conf
./etc/init.d/rabbitmq-server
./etc/rabbitmq.conf
